\BOOKMARK [0][-]{chapter.1}{\376\377\000P\000r\000e\000f\000a\000c\000e}{}% 1
\BOOKMARK [-1][-]{part.1}{\376\377\000I\000\040\000T\000h\000e\000\040\000F\000o\000u\000n\000d\000a\000t\000i\000o\000n}{}% 2
\BOOKMARK [0][-]{chapter.2}{\376\377\000I\000n\000t\000r\000o\000d\000u\000c\000t\000i\000o\000n}{part.1}% 3
\BOOKMARK [0][-]{chapter.3}{\376\377\000L\000o\000g\000i\000c}{part.1}% 4
\BOOKMARK [1][-]{section.3.1}{\376\377\000I\000n\000t\000r\000o\000d\000u\000c\000t\000i\000o\000n}{chapter.3}% 5
\BOOKMARK [1][-]{section.3.2}{\376\377\000D\000e\000f\000i\000n\000i\000n\000g\000\040\000a\000n\000\040\000A\000x\000i\000o\000m}{chapter.3}% 6
\BOOKMARK [1][-]{section.3.3}{\376\377\000F\000o\000r\000m\000a\000l\000\040\000L\000o\000g\000i\000c}{chapter.3}% 7
\BOOKMARK [2][-]{subsection.3.3.1}{\376\377\000C\000l\000a\000s\000s\000i\000c\000a\000l\000\040\000l\000o\000g\000i\000c}{section.3.3}% 8
\BOOKMARK [3][-]{subsubsection.3.3.1.1}{\376\377\000P\000r\000o\000p\000o\000s\000i\000t\000i\000o\000n\000a\000l\000\040\000l\000o\000g\000i\000c}{subsection.3.3.1}% 9
\BOOKMARK [3][-]{subsubsection.3.3.1.2}{\376\377\000T\000r\000u\000t\000h\000\040\000T\000a\000b\000l\000e\000s}{subsection.3.3.1}% 10
\BOOKMARK [0][-]{chapter.4}{\376\377\000P\000h\000i\000l\000o\000s\000o\000p\000h\000y\000\040\000o\000f\000\040\000M\000a\000t\000h\000e\000m\000a\000t\000i\000c\000s}{part.1}% 11
\BOOKMARK [0][-]{chapter.5}{\376\377\000M\000e\000t\000a\000p\000h\000y\000s\000i\000c\000s}{part.1}% 12
\BOOKMARK [0][-]{chapter.6}{\376\377\000*\000E\000p\000i\000s\000t\000e\000m\000o\000l\000o\000g\000y}{part.1}% 13
\BOOKMARK [0][-]{chapter.7}{\376\377\000P\000h\000i\000l\000o\000s\000o\000p\000h\000y\000\040\000o\000f\000\040\000S\000c\000i\000e\000n\000c\000e}{part.1}% 14
\BOOKMARK [0][-]{chapter.8}{\376\377\000P\000h\000i\000l\000o\000s\000o\000p\000h\000y\000\040\000o\000f\000\040\000P\000h\000y\000s\000i\000c\000s}{part.1}% 15
\BOOKMARK [0][-]{chapter.9}{\376\377\000F\000o\000u\000n\000d\000a\000t\000i\000o\000n\000s\000\040\000o\000f\000\040\000P\000h\000y\000s\000i\000c\000s}{part.1}% 16
\BOOKMARK [0][-]{chapter.10}{\376\377\000F\000o\000u\000n\000d\000a\000t\000i\000o\000n\000s\000\040\000o\000f\000\040\000M\000a\000t\000h\000e\000m\000a\000t\000i\000c\000s}{part.1}% 17
\BOOKMARK [0][-]{chapter.11}{\376\377\000F\000o\000u\000n\000d\000a\000t\000i\000o\000n\000\040\000o\000f\000\040\000C\000o\000m\000p\000u\000t\000a\000t\000i\000o\000n\000s}{part.1}% 18
\BOOKMARK [0][-]{chapter.12}{\376\377\000F\000o\000u\000n\000d\000a\000t\000i\000o\000n\000s\000\040\000o\000f\000\040\000M\000a\000t\000h\000e\000m\000a\000t\000i\000c\000s}{part.1}% 19
\BOOKMARK [0][-]{chapter.13}{\376\377\000T\000h\000e\000o\000l\000o\000g\000y}{part.1}% 20
\BOOKMARK [0][-]{chapter.14}{\376\377\000E\000t\000h\000i\000c\000s}{part.1}% 21
\BOOKMARK [0][-]{chapter.15}{\376\377\000S\000o\000c\000i\000a\000l\000\040\000P\000h\000i\000l\000o\000s\000o\000p\000h\000y}{part.1}% 22
\BOOKMARK [0][-]{chapter.16}{\376\377\000P\000e\000r\000s\000o\000n\000a\000l\000\040\000P\000h\000i\000l\000o\000s\000o\000p\000h\000y}{part.1}% 23
\BOOKMARK [-1][-]{part.2}{\376\377\000I\000I\000\040\000N\000o\000t\000e\000s}{}% 24
\BOOKMARK [0][-]{chapter.17}{\376\377\000I\000n\000t\000r\000o\000d\000u\000c\000t\000i\000o\000n}{part.2}% 25
\BOOKMARK [0][-]{chapter.18}{\376\377\000T\000e\000x\000t\000b\000o\000o\000k\000s}{part.2}% 26
\BOOKMARK [1][-]{section.18.1}{\376\377\000I\000n\000t\000r\000o\000d\000u\000c\000t\000i\000o\000n}{chapter.18}% 27
\BOOKMARK [1][-]{section.18.2}{\376\377\000T\000h\000e\000o\000r\000e\000t\000i\000c\000a\000l\000\040\000P\000h\000y\000s\000i\000c\000s\000\040\000b\000y\000\040\000G\000e\000o\000r\000g\000\040\000J\000o\000o\000s}{chapter.18}% 28
\BOOKMARK [1][-]{section.18.3}{\376\377\000O\000n\000\040\000S\000y\000m\000p\000a\000t\000h\000e\000t\000i\000c\000\040\000R\000e\000d\000u\000c\000t\000i\000o\000n\000\040\000i\000n\000\040\000C\000l\000a\000s\000s\000i\000c\000a\000l\000\040\000M\000e\000c\000h\000a\000n\000i\000c\000s}{chapter.18}% 29
\BOOKMARK [1][-]{section.18.4}{\376\377\000M\000a\000g\000n\000e\000t\000i\000c\000\040\000F\000i\000e\000l\000d\000s\000\040\000a\000n\000d\000\040\000M\000a\000g\000n\000e\000t\000i\000c\000\040\000D\000i\000a\000g\000n\000o\000s\000t\000i\000c\000s\000\040\000f\000o\000r\000\040\000T\000o\000k\000a\000m\000a\000k\000\040\000P\000l\000a\000s\000m\000a\000s\000\040\000b\000y\000\040\000A\000l\000a\000n\000\040\000W\000o\000o\000t\000o\000n}{chapter.18}% 30
\BOOKMARK [1][-]{section.18.5}{\376\377\000A\000d\000v\000a\000n\000c\000e\000d\000\040\000M\000H\000D\000\040\000w\000i\000t\000h\000\040\000A\000p\000p\000l\000i\000c\000a\000t\000i\000o\000n\000s\000\040\000t\000o\000\040\000L\000a\000b\000o\000r\000a\000t\000o\000r\000y\000\040\000a\000n\000d\000\040\000A\000s\000t\000r\000o\000p\000h\000y\000s\000i\000c\000a\000l\000\040\000P\000l\000a\000s\000m\000a\000s\000\040\000b\000y\000\040\000C\000a\000m\000b\000r\000i\000d\000g\000e\000\040}{chapter.18}% 31
\BOOKMARK [1][-]{section.18.6}{\376\377\000H\000a\000m\000i\000l\000t\000o\000n\000i\000a\000n\000\040\000d\000e\000s\000c\000r\000i\000p\000t\000i\000o\000n\000\040\000o\000f\000\040\000t\000h\000e\000\040\000i\000d\000e\000a\000l\000\040\000F\000u\000i\000d\000\040\000b\000y\000\040\000P\000.\000J\000.\000M\000o\000r\000r\000i\000s\000o\000n}{chapter.18}% 32
\BOOKMARK [1][-]{section.18.7}{\376\377\000C\000l\000a\000s\000s\000i\000c\000a\000l\000\040\000D\000y\000n\000a\000m\000i\000c\000s\000\040\000a\000\040\000M\000o\000d\000e\000r\000n\000\040\000P\000e\000r\000s\000p\000e\000c\000t\000i\000v\000e}{chapter.18}% 33
\BOOKMARK [2][-]{subsection.18.7.1}{\376\377\000C\000h\000a\000p\000t\000e\000r\000\040\0006}{section.18.7}% 34
\BOOKMARK [2][-]{subsection.18.7.2}{\376\377\000C\000h\000a\000p\000t\000e\000r\000\040\0007}{section.18.7}% 35
\BOOKMARK [0][-]{chapter.19}{\376\377\000V\000i\000d\000e\000o\000\040\000c\000l\000a\000s\000s\000e\000s}{part.2}% 36
\BOOKMARK [1][-]{section.19.1}{\376\377\000D\000i\000f\000f\000e\000r\000e\000n\000t\000i\000a\000l\000\040\000G\000e\000o\000m\000e\000t\000r\000y\000\040\000-\000\040\000R\000o\000b\000e\000r\000t\000\040\000D\000a\000v\000i\000e}{chapter.19}% 37
\BOOKMARK [2][-]{subsection.19.1.1}{\376\377\0001\000-\000f\000o\000r\000m\000s}{section.19.1}% 38
\BOOKMARK [2][-]{subsection.19.1.2}{\376\377\0002\000-\000f\000o\000r\000m\000s}{section.19.1}% 39
\BOOKMARK [2][-]{subsection.19.1.3}{\376\377\0003\000-\000f\000o\000r\000m\000s}{section.19.1}% 40
\BOOKMARK [2][-]{subsection.19.1.4}{\376\377\000k\000-\000f\000o\000r\000m}{section.19.1}% 41
\BOOKMARK [2][-]{subsection.19.1.5}{\376\377\000I\000n\000t\000r\000o\000d\000u\000c\000t\000i\000o\000n\000\040\000t\000o\000\040\000E\000x\000t\000e\000r\000i\000o\000r\000\040\000c\000a\000l\000c\000u\000l\000u\000s}{section.19.1}% 42
\BOOKMARK [2][-]{subsection.19.1.6}{\376\377\000E\000x\000t\000e\000r\000i\000o\000r\000\040\000c\000a\000l\000c\000u\000l\000u\000s\000-\0002}{section.19.1}% 43
\BOOKMARK [2][-]{subsection.19.1.7}{\376\377\000W\000e\000d\000g\000e\000\040\000P\000r\000o\000d\000u\000c\000t\000-\0002}{section.19.1}% 44
\BOOKMARK [2][-]{subsection.19.1.8}{\376\377\000I\000n\000t\000r\000o\000d\000u\000c\000t\000i\000o\000n\000\040\000t\000o\000\040\000t\000h\000e\000\040\000H\000o\000d\000g\000e\000\040\000S\000t\000a\000r\000\040\000O\000p\000e\000r\000a\000t\000i\000o\000n}{section.19.1}% 45
\BOOKMARK [2][-]{subsection.19.1.9}{\376\377\000H\000o\000d\000g\000e\000\040\000s\000t\000a\000r\000\040\0002}{section.19.1}% 46
\BOOKMARK [2][-]{subsection.19.1.10}{\376\377\000T\000h\000e\000\040\000p\000u\000s\000h\000\040\000f\000o\000r\000w\000a\000r\000d\000\040\000o\000f\000\040\000v\000e\000c\000t\000o\000r\000s\000\040\000o\000n\000\040\000m\000a\000n\000i\000f\000o\000l\000d\000s}{section.19.1}% 47
\BOOKMARK [2][-]{subsection.19.1.11}{\376\377\000P\000u\000l\000l\000-\000B\000a\000c\000k\000\040\000i\000n\000\040\000k\000-\000f\000o\000r\000m\000s}{section.19.1}% 48
\BOOKMARK [2][-]{subsection.19.1.12}{\376\377\000P\000u\000l\000l\000-\000B\000a\000c\000k\000\040\000o\000f\000\040\000v\000o\000l\000u\000m\000e\000\040\000f\000o\000r\000m\000s}{section.19.1}% 49
\BOOKMARK [2][-]{subsection.19.1.13}{\376\377\000I\000n\000t\000e\000g\000r\000a\000t\000i\000o\000n\000\040\000o\000n\000\040\000M\000a\000n\000i\000f\000o\000l\000d\000s\000\040\000U\000s\000i\000n\000g\000\040\000t\000h\000e\000\040\000P\000u\000l\000l\000b\000a\000c\000k\000\040\000o\000f\000\040\000V\000o\000l\000u\000m\000e\000\040\000F\000o\000r\000m\000s}{section.19.1}% 50
\BOOKMARK [2][-]{subsection.19.1.14}{\376\377\000L\000i\000n\000e\000\040\000I\000n\000t\000e\000g\000r\000a\000l\000s\000\040\000o\000n\000\040\000M\000a\000n\000i\000f\000o\000l\000d\000s}{section.19.1}% 51
\BOOKMARK [2][-]{subsection.19.1.15}{\376\377\000C\000l\000a\000s\000s\000i\000c\000a\000l\000\040\000S\000t\000o\000k\000e\000s\000\040\000T\000h\000e\000r\000e\000o\000m\000\040\000i\000n\000\040\000M\000a\000n\000i\000f\000o\000l\000d\000s}{section.19.1}% 52
\BOOKMARK [1][-]{section.19.2}{\376\377\000S\000y\000m\000p\000l\000e\000c\000t\000i\000c\000\040\000g\000e\000o\000m\000e\000t\000r\000y\000\040\000\040\000c\000l\000a\000s\000s\000i\000c\000a\000l\000\040\000m\000e\000c\000h\000a\000n\000i\000c\000s}{chapter.19}% 53
\BOOKMARK [2][-]{subsection.19.2.1}{\376\377\000L\000e\000c\000t\000u\000r\000e\000\040\0001}{section.19.2}% 54
\BOOKMARK [2][-]{subsection.19.2.2}{\376\377\000L\000e\000c\000t\000u\000r\000e\000\040\0002}{section.19.2}% 55
\BOOKMARK [0][-]{chapter.20}{\376\377\000C\000o\000d\000i\000n\000g}{part.2}% 56
\BOOKMARK [1][-]{section.20.1}{\376\377\000*\000L\000i\000n\000u\000x\000\040\000T\000e\000r\000m\000i\000n\000a\000l}{chapter.20}% 57
\BOOKMARK [1][-]{section.20.2}{\376\377\000*\000G\000i\000t\000h\000u\000b}{chapter.20}% 58
\BOOKMARK [1][-]{section.20.3}{\376\377\000*\000F\000O\000R\000T\000R\000A\000N}{chapter.20}% 59
\BOOKMARK [1][-]{section.20.4}{\376\377\000*\000P\000y\000t\000h\000o\000n}{chapter.20}% 60
\BOOKMARK [-1][-]{part.3}{\376\377\000I\000I\000I\000\040\000R\000e\000s\000e\000a\000r\000c\000h}{}% 61
\BOOKMARK [0][-]{chapter.21}{\376\377\000I\000n\000t\000r\000o\000d\000u\000c\000t\000i\000o\000n}{part.3}% 62
\BOOKMARK [0][-]{chapter.22}{\376\377\000P\000r\000e\000v\000i\000o\000u\000s\000\040\000R\000e\000s\000e\000a\000r\000c\000h}{part.3}% 63
\BOOKMARK [1][-]{section.22.1}{\376\377\0003\000D\000\040\000M\000o\000d\000e\000l\000i\000n\000g\000\040\000o\000f\000\040\000N\000o\000n\000-\000E\000q\000u\000i\000l\000i\000b\000r\000i\000u\000m\000\040\000D\000y\000n\000a\000m\000i\000c\000s\000\040\000i\000n\000\040\000C\000o\000m\000p\000r\000e\000s\000s\000e\000d\000\040\000P\000l\000a\000s\000m\000a\000\040\000U\000s\000i\000n\000g\000\040\000L\000a\000t\000t\000i\000c\000e\000\040\000B\000o\000l\000t\000z\000m\000a\000n\000n\000\040\000M\000e\000t\000h\000o\000d}{chapter.22}% 64
\BOOKMARK [2][-]{subsection.22.1.1}{\376\377\0003\000D\000\040\000M\000o\000d\000e\000l\000i\000n\000g\000\040\000o\000f\000\040\000N\000o\000n\000-\000E\000q\000u\000i\000l\000i\000b\000r\000i\000u\000m\000\040\000D\000y\000n\000a\000m\000i\000c\000s\000\040\000i\000n\000\040\000C\000o\000m\000p\000r\000e\000s\000s\000e\000d\000\040\000P\000l\000a\000s\000m\000a\000\040\000U\000s\000i\000n\000g\000\040\000L\000a\000t\000t\000i\000c\000e\000\040\000B\000o\000l\000t\000z\000m\000a\000n\000n\000\040\000M\000e\000t\000h\000o\000d\000\040\000I\000n\000t\000r\000o\000d\000u\000c\000t\000i\000o\000n}{section.22.1}% 65
\BOOKMARK [2][-]{subsection.22.1.2}{\376\377\000P\000h\000y\000s\000i\000c\000a\000l\000\040\000M\000o\000d\000e\000l}{section.22.1}% 66
\BOOKMARK [2][-]{subsection.22.1.3}{\376\377\000D\000e\000n\000s\000i\000t\000y\000\040\000D\000i\000s\000t\000r\000i\000b\000u\000t\000i\000o\000n\000\040\000F\000u\000n\000c\000t\000i\000o\000n}{section.22.1}% 67
\BOOKMARK [2][-]{subsection.22.1.4}{\376\377\000P\000o\000t\000e\000n\000t\000i\000a\000l\000\040\000E\000n\000e\000r\000g\000y\000\040\000D\000i\000s\000t\000r\000i\000b\000u\000t\000i\000o\000n}{section.22.1}% 68
\BOOKMARK [2][-]{subsection.22.1.5}{\376\377\000H\000y\000p\000e\000r\000b\000o\000l\000i\000c\000\040\000M\000a\000x\000w\000e\000l\000l\000\040\000E\000q\000u\000a\000t\000i\000o\000n\000s}{section.22.1}% 69
\BOOKMARK [2][-]{subsection.22.1.6}{\376\377\000K\000i\000n\000e\000t\000i\000c\000\040\000N\000o\000n\000-\000E\000q\000u\000i\000l\000i\000b\000r\000i\000u\000m\000\040\000M\000e\000t\000h\000o\000d}{section.22.1}% 70
\BOOKMARK [2][-]{subsection.22.1.7}{\376\377\000D\000i\000s\000c\000u\000s\000s\000i\000o\000n}{section.22.1}% 71
\BOOKMARK [1][-]{section.22.2}{\376\377\000A\000\040\000H\000a\000m\000i\000l\000t\000o\000n\000i\000a\000n\000\040\000F\000r\000a\000m\000e\000w\000o\000r\000k\000\040\000o\000n\000\040\000I\000C\000F\000\040\000I\000m\000p\000l\000o\000s\000i\000o\000n\000s\000\040\000R\000o\000c\000k\000e\000t\000\040\000E\000q\000u\000a\000t\000i\000o\000n\000\040\000B\000a\000s\000e\000d\000\040\000o\000n\000\040\000R\000a\000y\000l\000e\000i\000g\000h\040\023\000T\000a\000y\000l\000o\000r\000\040\000I\000n\000s\000t\000a\000b\000i\000l\000i\000t\000i\000e\000s\000\040}{chapter.22}% 72
\BOOKMARK [2][-]{subsection.22.2.1}{\376\377\000B\000a\000c\000k\000g\000r\000o\000u\000n\000d}{section.22.2}% 73
\BOOKMARK [2][-]{subsection.22.2.2}{\376\377\000P\000r\000o\000b\000l\000e\000m\000\040\000S\000t\000a\000t\000e\000m\000e\000n\000t}{section.22.2}% 74
\BOOKMARK [2][-]{subsection.22.2.3}{\376\377\000A\000s\000s\000u\000m\000p\000t\000i\000o\000n\000s}{section.22.2}% 75
\BOOKMARK [2][-]{subsection.22.2.4}{\376\377\000F\000r\000a\000m\000e\000w\000o\000r\000k}{section.22.2}% 76
\BOOKMARK [2][-]{subsection.22.2.5}{\376\377\000S\000h\000e\000l\000l\000\040\000K\000i\000n\000e\000m\000a\000t\000i\000c\000s}{section.22.2}% 77
\BOOKMARK [2][-]{subsection.22.2.6}{\376\377\000S\000h\000e\000l\000l\000\040\000A\000r\000e\000a\000l\000\040\000D\000e\000n\000s\000i\000t\000y}{section.22.2}% 78
\BOOKMARK [2][-]{subsection.22.2.7}{\376\377\000C\000o\000m\000p\000r\000e\000s\000s\000e\000d\000-\000F\000u\000e\000l\000\040\000P\000r\000e\000s\000s\000u\000r\000e}{section.22.2}% 79
\BOOKMARK [2][-]{subsection.22.2.8}{\376\377\000V\000a\000r\000i\000a\000t\000i\000o\000n\000a\000l\000\040\000P\000r\000i\000n\000c\000i\000p\000l\000e\000s}{section.22.2}% 80
\BOOKMARK [3][-]{subsubsection.22.2.8.1}{\376\377\000P\000h\000a\000s\000e\000-\000S\000p\000a\000c\000e\000\040\000L\000a\000g\000r\000a\000n\000g\000i\000a\000n}{subsection.22.2.8}% 81
\BOOKMARK [3][-]{subsubsection.22.2.8.2}{\376\377\000C\000o\000n\000s\000e\000r\000v\000a\000t\000i\000o\000n\000\040\000L\000a\000w\000s}{subsection.22.2.8}% 82
\BOOKMARK [2][-]{subsection.22.2.9}{\376\377\000C\000o\000n\000c\000l\000u\000s\000i\000o\000n}{section.22.2}% 83
\BOOKMARK [1][-]{section.22.3}{\376\377\000B\000a\000s\000i\000c\000\040\000M\000H\000D}{chapter.22}% 84
\BOOKMARK [2][-]{subsection.22.3.1}{\376\377\000M\000H\000D\000\040\000M\000o\000d\000u\000l\000e}{section.22.3}% 85
\BOOKMARK [2][-]{subsection.22.3.2}{\376\377\000H\000a\000m\000i\000l\000t\000o\000n\000a\000i\000n\000\040\000M\000H\000D}{section.22.3}% 86
\BOOKMARK [1][-]{section.22.4}{\376\377\000A\000\040\000M\000e\000t\000r\000i\000p\000l\000e\000c\000t\000i\000c\000\040\000F\000o\000r\000m\000u\000l\000a\000t\000i\000o\000n\000\040\000o\000f\000\040\000R\000e\000d\000u\000c\000e\000d\000\040\000M\000a\000g\000n\000e\000t\000o\000h\000y\000d\000r\000o\000d\000y\000n\000a\000m\000i\000c\000s\000\040\000w\000i\000t\000h\000\040\000R\000e\000s\000i\000s\000t\000i\000v\000i\000t\000y}{chapter.22}% 87
\BOOKMARK [2][-]{subsection.22.4.1}{\376\377\000I\000n\000t\000r\000o\000d\000u\000c\000t\000i\000o\000n}{section.22.4}% 88
\BOOKMARK [2][-]{subsection.22.4.2}{\376\377\000D\000e\000f\000i\000n\000i\000n\000g\000\040\000t\000h\000e\000\040\000H\000a\000m\000i\000l\000t\000o\000n\000i\000a\000n}{section.22.4}% 89
\BOOKMARK [2][-]{subsection.22.4.3}{\376\377\000E\000n\000t\000r\000o\000p\000y\000\040\000a\000n\000d\000\040\000D\000i\000s\000s\000i\000p\000a\000t\000i\000o\000n}{section.22.4}% 90
\BOOKMARK [2][-]{subsection.22.4.4}{\376\377\000M\000e\000t\000r\000i\000c\000\040\000B\000r\000a\000c\000k\000e\000t\000\040\000a\000n\000d\000\040\000M\000e\000t\000r\000i\000p\000l\000e\000c\000t\000i\000c\000\040\000S\000t\000r\000u\000c\000t\000u\000r\000e}{section.22.4}% 91
\BOOKMARK [2][-]{subsection.22.4.5}{\376\377\000C\000o\000m\000b\000i\000n\000e\000d\000\040\000D\000y\000n\000a\000m\000i\000c\000s}{section.22.4}% 92
\BOOKMARK [1][-]{section.22.5}{\376\377\000D\000e\000a\000t\000h\000\040\000S\000t\000a\000r}{chapter.22}% 93
\BOOKMARK [1][-]{section.22.6}{\376\377\000I\000n\000t\000e\000r\000s\000t\000e\000l\000l\000a\000r\000\040\000t\000r\000a\000v\000e\000l}{chapter.22}% 94
\BOOKMARK [2][-]{subsection.22.6.1}{\376\377\000S\000p\000e\000e\000d\000s\000\040\000a\000n\000d\000\040\000f\000o\000r\000c\000e\000s}{section.22.6}% 95
\BOOKMARK [2][-]{subsection.22.6.2}{\376\377\000M\000a\000g\000n\000e\000t\000i\000c\000\040\000F\000u\000s\000i\000o\000n\000\040\000P\000l\000a\000s\000m\000a\000\040\000D\000r\000i\000v\000e}{section.22.6}% 96
\BOOKMARK [3][-]{subsubsection.22.6.2.1}{\376\377\000T\000h\000e\000o\000r\000e\000t\000i\000c\000a\000l\000\040\000B\000a\000s\000i\000s}{subsection.22.6.2}% 97
\BOOKMARK [2][-]{subsection.22.6.3}{\376\377\000*\000O\000p\000t\000i\000m\000i\000z\000a\000t\000i\000o\000n}{section.22.6}% 98
\BOOKMARK [2][-]{subsection.22.6.4}{\376\377\000*\000S\000p\000e\000c\000i\000a\000l\000\040\000C\000i\000r\000c\000u\000m\000s\000t\000a\000n\000c\000e\000s}{section.22.6}% 99
\BOOKMARK [3][-]{subsubsection.22.6.4.1}{\376\377\000*\000S\000t\000r\000o\000n\000g\000\040\000M\000a\000g\000n\000e\000t\000i\000c\000\040\000F\000i\000e\000l\000d\000s}{subsection.22.6.4}% 100
\BOOKMARK [3][-]{subsubsection.22.6.4.2}{\376\377\000*\000G\000r\000a\000v\000i\000t\000a\000t\000i\000o\000n\000a\000l\000\040\000F\000i\000e\000l\000d\000s}{subsection.22.6.4}% 101
\BOOKMARK [1][-]{section.22.7}{\376\377\000K\000e\000r\000r\000\040\000B\000l\000a\000c\000k\000\040\000h\000o\000l\000e\000\040\000s\000t\000u\000f\000f}{chapter.22}% 102
\BOOKMARK [2][-]{subsection.22.7.1}{\376\377\000E\000n\000e\000r\000g\000y\000\040\000\050\000f\000i\000n\000i\000s\000h\000\051}{section.22.7}% 103
\BOOKMARK [2][-]{subsection.22.7.2}{\376\377\000*\000M\000u\000l\000t\000i\000v\000e\000r\000s\000a\000l\000\040\000T\000r\000a\000v\000e\000l}{section.22.7}% 104
\BOOKMARK [2][-]{subsection.22.7.3}{\376\377\000*\000O\000t\000h\000e\000r\000\040\000e\000f\000f\000e\000c\000t\000s}{section.22.7}% 105
\BOOKMARK [1][-]{section.22.8}{\376\377\000*\000E\000x\000t\000r\000e\000m\000e\000\040\000T\000h\000e\000o\000r\000e\000t\000i\000c\000a\000l\000\040\000W\000o\000r\000k}{chapter.22}% 106
\BOOKMARK [1][-]{section.22.9}{\376\377\000A\000s\000t\000r\000o\000i\000d\000\040\000G\000a\000m\000e}{chapter.22}% 107
\BOOKMARK [2][-]{subsection.22.9.1}{\376\377\000I\000n\000t\000r\000o\000d\000u\000c\000t\000i\000o\000n}{section.22.9}% 108
\BOOKMARK [2][-]{subsection.22.9.2}{\376\377\000C\000l\000a\000s\000s\000i\000c\000a\000l}{section.22.9}% 109
\BOOKMARK [2][-]{subsection.22.9.3}{\376\377\000N\000e\000w\000t\000o\000n\000i\000a\000n\000\040\000G\000r\000a\000v\000i\000t\000y}{section.22.9}% 110
\BOOKMARK [2][-]{subsection.22.9.4}{\376\377\000D\000a\000r\000k\000\040\000M\000a\000t\000t\000e\000r}{section.22.9}% 111
\BOOKMARK [2][-]{subsection.22.9.5}{\376\377\000R\000e\000l\000a\000t\000i\000v\000i\000s\000t\000i\000c}{section.22.9}% 112
\BOOKMARK [0][-]{chapter.23}{\376\377\000T\000h\000e\000\040\000S\000t\000r\000u\000c\000t\000u\000r\000e\000\040\000o\000f\000\040\000M\000o\000t\000i\000o\000n\000:\000\040\000A\000\040\000P\000h\000i\000l\000o\000s\000o\000p\000h\000i\000c\000a\000l\000\040\000J\000o\000u\000r\000n\000e\000y\000\040\000T\000h\000r\000o\000u\000g\000h\000\040\000H\000a\000m\000i\000l\000t\000o\000n\000i\000a\000n\000\040\000M\000e\000c\000h\000a\000n\000i\000c\000s}{part.3}% 113
\BOOKMARK [1][-]{section.23.1}{\376\377\000I\000n\000t\000r\000o\000d\000u\000c\000t\000i\000o\000n}{chapter.23}% 114
\BOOKMARK [2][-]{subsection.23.1.1}{\376\377\000P\000h\000y\000s\000i\000c\000a\000l\000\040\000R\000e\000a\000l\000i\000t\000y\000\040\000a\000n\000d\000\040\000F\000r\000a\000m\000e\000w\000o\000r\000k\000s}{section.23.1}% 115
\BOOKMARK [2][-]{subsection.23.1.2}{\376\377\000P\000h\000i\000l\000o\000s\000o\000p\000h\000i\000c\000a\000l\000\040\000C\000o\000n\000t\000e\000x\000t\000*}{section.23.1}% 116
\BOOKMARK [2][-]{subsection.23.1.3}{\376\377\000N\000o\000t\000i\000o\000n\000\040\000o\000f\000\040\000T\000i\000m\000e\000,\000\040\000S\000t\000a\000t\000e\000s\000,\000\040\000a\000n\000d\000\040\000T\000r\000a\000j\000e\000c\000t\000o\000r\000i\000e\000s}{section.23.1}% 117
\BOOKMARK [2][-]{subsection.23.1.4}{\376\377\000I\000n\000t\000r\000o\000d\000u\000c\000t\000i\000o\000n\000\040\000t\000o\000\040\000P\000h\000a\000s\000e\000\040\000S\000p\000a\000c\000e}{section.23.1}% 118
\BOOKMARK [2][-]{subsection.23.1.5}{\376\377\000T\000e\000l\000e\000o\000l\000o\000g\000y\000\040\000v\000s\000\040\000C\000a\000u\000s\000a\000l\000i\000t\000y}{section.23.1}% 119
\BOOKMARK [2][-]{subsection.23.1.6}{\376\377\000R\000o\000l\000e\000\040\000o\000f\000\040\000V\000a\000r\000i\000a\000t\000i\000o\000n\000a\000l\000\040\000P\000r\000i\000n\000c\000i\000p\000l\000e\000s\000\040\000i\000n\000\040\000M\000e\000c\000h\000a\000n\000i\000c\000s}{section.23.1}% 120
\BOOKMARK [1][-]{section.23.2}{\376\377\000A\000x\000i\000o\000m\000a\000t\000i\000c\000\040\000M\000e\000c\000h\000a\000n\000i\000c\000s}{chapter.23}% 121
\BOOKMARK [2][-]{subsection.23.2.1}{\376\377\000A\000x\000i\000o\000m\000a\000t\000i\000c\000\040\000D\000e\000r\000i\000v\000a\000t\000i\000o\000n\000\040\000o\000f\000\040\000.\000.\000.\000\040}{section.23.2}% 122
\BOOKMARK [3][-]{subsubsection.23.2.1.1}{\376\377\000I\000n\000t\000r\000o\000d\000u\000c\000t\000i\000o\000n}{subsection.23.2.1}% 123
\BOOKMARK [3][-]{subsubsection.23.2.1.2}{\376\377\000A\000x\000i\000o\000m\000\040\000o\000f\000\040\000R\000e\000a\000l\000\040\000n\000u\000m\000b\000e\000r\000s}{subsection.23.2.1}% 124
\BOOKMARK [3][-]{subsubsection.23.2.1.3}{\376\377\000A\000x\000i\000o\000m\000\040\000o\000f\000\040\000E\000u\000c\000l\000i\000d\000e\000a\000n\000\040\000G\000e\000o\000m\000e\000t\000r\000y}{subsection.23.2.1}% 125
\BOOKMARK [3][-]{subsubsection.23.2.1.4}{\376\377\000A\000x\000i\000o\000m\000\040\000o\000f\000\040\000S\000e\000t\000\040\000T\000h\000e\000o\000r\000y\000\040\000\050\000B\000a\000s\000i\000c\000\051}{subsection.23.2.1}% 126
\BOOKMARK [3][-]{subsubsection.23.2.1.5}{\376\377\000A\000x\000i\000o\000m\000\040\000o\000f\000\040\000C\000a\000l\000c\000u\000l\000u\000s\000\040\000\050\000D\000i\000f\000f\000e\000r\000e\000n\000t\000i\000a\000l\000\040\000a\000n\000d\000\040\000I\000n\000t\000e\000g\000r\000a\000l\000\040\000C\000a\000l\000c\000u\000l\000u\000s\000\051}{subsection.23.2.1}% 127
\BOOKMARK [3][-]{subsubsection.23.2.1.6}{\376\377\000A\000x\000i\000o\000m\000s\000\040\000o\000f\000\040\000V\000a\000r\000i\000a\000t\000i\000o\000n\000a\000l\000\040\000C\000a\000l\000c\000u\000l\000u\000s}{subsection.23.2.1}% 128
\BOOKMARK [3][-]{subsubsection.23.2.1.7}{\376\377\000A\000x\000i\000o\000m\000s\000\040\000o\000f\000\040\000L\000i\000n\000e\000a\000r\000\040\000A\000l\000g\000e\000b\000r\000a\000\040\000\050\000B\000a\000s\000i\000c\000\051}{subsection.23.2.1}% 129
\BOOKMARK [3][-]{subsubsection.23.2.1.8}{\376\377\000A\000x\000i\000o\000m\000s\000\040\000o\000f\000\040\000V\000a\000r\000i\000a\000t\000i\000o\000n\000a\000l\000\040\000C\000a\000l\000c\000u\000l\000u\000s}{subsection.23.2.1}% 130
\BOOKMARK [3][-]{subsubsection.23.2.1.9}{\376\377\000P\000h\000y\000s\000i\000c\000a\000l\000\040\000A\000s\000s\000u\000m\000p\000t\000i\000o\000n\000s\000\040\000\050\000N\000o\000t\000\040\000S\000t\000r\000i\000c\000t\000l\000y\000\040\000M\000a\000t\000h\000e\000m\000a\000t\000i\000c\000a\000l\000\040\000A\000x\000i\000o\000m\000s\000\051}{subsection.23.2.1}% 131
\BOOKMARK [2][-]{subsection.23.2.2}{\376\377\000A\000x\000i\000o\000m\000a\000t\000i\000c\000\040\000D\000e\000r\000i\000v\000a\000t\000i\000o\000n\000\040\000o\000f\000\040\000H\000a\000m\000i\000l\000t\000o\000n\000i\000a\000n\000\040\000M\000e\000c\000h\000a\000n\000i\000c\000s}{section.23.2}% 132
\BOOKMARK [2][-]{subsection.23.2.3}{\376\377\000*\000H\000a\000m\000i\000l\000t\000o\000n\000i\000a\000n\000\040\000M\000e\000c\000h\000a\000n\000i\000c\000s\000\040\000a\000d\000\040\000a\000\040\000G\000e\000o\000m\000e\000t\000r\000i\000c\000\040\000T\000h\000e\000o\000r\000y}{section.23.2}% 133
\BOOKMARK [2][-]{subsection.23.2.4}{\376\377\000*\000P\000o\000i\000s\000s\000o\000n\000\040\000B\000r\000a\000c\000k\000e\000t\000s\000\040\000a\000n\000d\000\040\000t\000h\000e\000\040\000A\000l\000g\000e\000b\000r\000a\000\040\000o\000f\000\040\000D\000y\000n\000a\000m\000i\000c\000s}{section.23.2}% 134
\BOOKMARK [2][-]{subsection.23.2.5}{\376\377\000*\000C\000a\000n\000o\000n\000i\000c\000a\000l\000\040\000T\000r\000a\000n\000s\000f\000o\000r\000m\000a\000t\000i\000o\000n\000s\000:\000\040\000S\000y\000m\000m\000e\000t\000r\000y\000,\000\040\000S\000i\000m\000p\000l\000i\000c\000i\000t\000y\000,\000\040\000a\000n\000\040\000S\000t\000r\000u\000c\000t\000u\000r\000e}{section.23.2}% 135
\BOOKMARK [1][-]{section.23.3}{\376\377\000P\000h\000i\000l\000o\000s\000o\000p\000h\000i\000c\000a\000l\000\040\000I\000m\000p\000l\000i\000c\000a\000t\000i\000o\000n\000s\000*}{chapter.23}% 136
\BOOKMARK [2][-]{subsection.23.3.1}{\376\377\000*\000T\000i\000m\000e\000\040\000i\000n\000\040\000E\000s\000s\000e\000n\000c\000e}{section.23.3}% 137
\BOOKMARK [2][-]{subsection.23.3.2}{\376\377\000*\000H\000a\000m\000i\000l\000t\000o\000n\000i\000a\000n\000\040\000C\000o\000n\000s\000t\000r\000a\000i\000n\000t\000s\000\040\000a\000n\000d\000\040\000t\000h\000e\000\040\000P\000r\000o\000b\000l\000e\000m\000\040\000w\000i\000t\000h\000\040\000T\000i\000m\000e}{section.23.3}% 138
\BOOKMARK [1][-]{section.23.4}{\376\377\000M\000o\000d\000e\000r\000n\000\040\000H\000a\000m\000i\000l\000t\000o\000n\000i\000a\000n}{chapter.23}% 139
\BOOKMARK [2][-]{subsection.23.4.1}{\376\377\000M\000o\000d\000e\000r\000n\000\040\000R\000e\000s\000e\000a\000r\000c\000h}{section.23.4}% 140
\BOOKMARK [3][-]{subsubsection.23.4.1.1}{\376\377\000*\000H\000a\000m\000i\000l\000t\000o\000n\000i\000a\000n\000\040\000F\000o\000r\000m\000u\000l\000a\000t\000i\000o\000n\000\040\000i\000n\000\040\000P\000l\000a\000s\000m\000a\000\040\000P\000h\000y\000s\000i\000c\000s}{subsection.23.4.1}% 141
\BOOKMARK [3][-]{subsubsection.23.4.1.2}{\376\377\000*\000H\000a\000m\000i\000l\000t\000o\000n\000i\000a\000n\000\040\000a\000n\000d\000\040\000M\000e\000t\000r\000i\000p\000l\000e\000c\000t\000i\000c\000\040\000M\000e\000c\000h\000a\000n\000i\000c\000s}{subsection.23.4.1}% 142
\BOOKMARK [3][-]{subsubsection.23.4.1.3}{\376\377\000*\000S\000y\000m\000p\000l\000e\000c\000t\000i\000c\000\040\000I\000n\000t\000e\000g\000r\000a\000t\000o\000r\000s\000:\000\040\000P\000r\000e\000s\000e\000r\000v\000i\000n\000g\000\040\000t\000h\000e\000\040\000S\000t\000r\000u\000c\000t\000u\000r\000e\000\040\000o\000f\000\040\000N\000a\000t\000u\000r\000e}{subsection.23.4.1}% 143
\BOOKMARK [3][-]{subsubsection.23.4.1.4}{\376\377\000*\000H\000N\000N\000N\000\050\000H\000a\000m\000i\000l\000t\000o\000n\000i\000a\000n\000\040\000N\000e\000u\000r\000a\000l\000\040\000N\000e\000t\000w\000o\000r\000k\000s\000\051}{subsection.23.4.1}% 144
\BOOKMARK [2][-]{subsection.23.4.2}{\376\377\000F\000u\000n\000\040\000M\000e\000s\000s\000\040\000A\000r\000o\000u\000n\000d}{section.23.4}% 145
\BOOKMARK [3][-]{subsubsection.23.4.2.1}{\376\377\000N\000o\000n\000-\000C\000a\000n\000o\000n\000i\000c\000a\000l\000\040\000P\000o\000i\000s\000s\000o\000n\000\040\000B\000r\000a\000c\000k\000e\000t\000s}{subsection.23.4.2}% 146
\BOOKMARK [0][-]{chapter.24}{\376\377\000O\000m\000e\000g\000a\000-\000X}{part.3}% 147
\BOOKMARK [1][-]{section.24.1}{\376\377\000P\000r\000e\000-\000p\000l\000a\000n\000i\000n\000g\000\050\000p\000a\000r\000t\000\040\0001\000\051}{chapter.24}% 148
\BOOKMARK [2][-]{subsection.24.1.1}{\376\377\000I\000d\000e\000a\000s\000\040\000\046\000\040\000O\000v\000e\000r\000a\000r\000c\000h\000i\000n\000g\000\040\000P\000l\000a\000n}{section.24.1}% 149
\BOOKMARK [2][-]{subsection.24.1.2}{\376\377\000M\000e\000t\000r\000i\000p\000l\000e\000c\000t\000i\000c\000\040\0004\000-\000b\000r\000a\000c\000k\000e\000t\000\040\000a\000l\000g\000o\000r\000i\000t\000h\000m\000\040\000f\000o\000r\000\040\000c\000o\000n\000s\000t\000r\000u\000c\000t\000i\000n\000g\000\040\000t\000h\000e\000r\000m\000o\000d\000y\000n\000a\000m\000i\000c\000a\000l\000l\000y\000\040\000c\000o\000n\000s\000i\000s\000t\000e\000n\000t\000\040\000d\000y\000n\000a\000m\000i\000c\000a\000l\000\040\000s\000y\000s\000t\000e\000m\000s}{section.24.1}% 150
\BOOKMARK [3][-]{subsubsection.24.1.2.1}{\376\377\000M\000a\000t\000h}{subsection.24.1.2}% 151
\BOOKMARK [2][-]{subsection.24.1.3}{\376\377\000A\000\040\000t\000h\000e\000r\000m\000o\000d\000y\000n\000a\000m\000i\000c\000a\000l\000l\000y\000\040\000c\000o\000n\000s\000i\000s\000t\000e\000n\000t\000\040\000d\000i\000s\000c\000r\000e\000t\000i\000z\000a\000t\000i\000o\000n\000s\000\040\000o\000f\000\040\0001\000D\000\040\000t\000h\000e\000r\000m\000a\000l\000-\000f\000l\000u\000i\000d\000\040\000m\000o\000d\000e\000l\000s\000\040\000u\000s\000i\000n\000g\000\040\000t\000h\000e\000i\000r\000\040\000m\000e\000t\000r\000i\000p\000l\000e\000c\000t\000i\000c\000\040\0004\000-\000b\000r\000a\000c\000k\000e\000t\000\040\000s\000t\000r\000u\000c\000t\000u\000r\000e}{section.24.1}% 152
\BOOKMARK [3][-]{subsubsection.24.1.3.1}{\376\377\000M\000a\000t\000h}{subsection.24.1.3}% 153
\BOOKMARK [3][-]{subsubsection.24.1.3.2}{\376\377\000C\000o\000d\000i\000n\000g}{subsection.24.1.3}% 154
\BOOKMARK [3][-]{subsubsection.24.1.3.3}{\376\377\000F\000u\000t\000u\000r\000e\000\040\000W\000o\000r\000k}{subsection.24.1.3}% 155
\BOOKMARK [2][-]{subsection.24.1.4}{\376\377\000M\000e\000t\000r\000i\000p\000l\000e\000c\000t\000i\000c\000\040\000F\000r\000a\000m\000e\000w\000o\000r\000k\000\040\000f\000o\000r\000\040\000D\000i\000s\000s\000i\000p\000a\000t\000i\000v\000e\000\040\000M\000a\000g\000n\000e\000t\000o\000-\000H\000y\000d\000r\000o\000d\000y\000n\000a\000m\000i\000c\000s}{section.24.1}% 156
\BOOKMARK [3][-]{subsubsection.24.1.4.1}{\376\377\000M\000y\000\040\000I\000n\000t\000r\000o\000d\000u\000c\000t\000i\000o\000n}{subsection.24.1.4}% 157
\BOOKMARK [3][-]{subsubsection.24.1.4.2}{\376\377\000N\000o\000t\000e\000s\000\040\000o\000n\000\040\000i\000n\000t\000r\000o\000d\000u\000c\000t\000i\000o\000n}{subsection.24.1.4}% 158
\BOOKMARK [2][-]{subsection.24.1.5}{\376\377\000M\000E\000T\000R\000I\000P\000L\000E\000C\000T\000I\000C\000\040\000F\000O\000R\000M\000U\000L\000A\000T\000I\000O\000N\000\040\000O\000F\000\040\000V\000I\000S\000C\000O\000-\000R\000E\000S\000I\000S\000T\000I\000V\000E\000\040\000M\000H\000D}{section.24.1}% 159
\BOOKMARK [2][-]{subsection.24.1.6}{\376\377\000A\000\040\000l\000e\000a\000s\000t\000\040\000A\000c\000t\000i\000o\000n\000\040\000p\000r\000i\000n\000c\000i\000p\000l\000e\000\040\000f\000o\000r\000\040\000v\000i\000s\000c\000o\000-\000r\000e\000s\000i\000s\000t\000i\000v\000e\000\040\000H\000a\000l\000l\000\040\000M\000a\000g\000n\000e\000t\000o\000h\000y\000d\000r\000o\000d\000y\000n\000a\000m\000i\000c\000\040\000w\000i\000t\000h\000\040\000m\000e\000t\000r\000i\000p\000l\000e\000c\000t\000i\000c\000\040\000r\000e\000f\000o\000r\000m\000u\000l\000a\000t\000i\000o\000n}{section.24.1}% 160
\BOOKMARK [3][-]{subsubsection.24.1.6.1}{\376\377\000A\000b\000s\000t\000r\000a\000c\000t}{subsection.24.1.6}% 161
\BOOKMARK [3][-]{subsubsection.24.1.6.2}{\376\377\000M\000e\000t\000r\000i\000p\000l\000e\000c\000t\000i\000c\000\040\000b\000r\000a\000c\000k\000e\000t\000,\000\040\000H\000a\000m\000i\000l\000t\000o\000n\000i\000a\000n\000\040\000a\000n\000d\000\040\000E\000n\000t\000r\000o\000p\000y\000\040\000f\000o\000r\000\040\000V\000i\000s\000c\000o\000r\000e\000s\000i\000s\000t\000i\000v\000e\000\040\000H\000a\000l\000l\000\040\000M\000H\000D}{subsection.24.1.6}% 162
\BOOKMARK [2][-]{subsection.24.1.7}{\376\377\000V\000a\000r\000i\000a\000t\000i\000o\000n\000a\000l\000\040\000d\000i\000s\000c\000r\000e\000t\000i\000z\000a\000t\000i\000o\000n\000s\000\040\000o\000f\000\040\000v\000i\000s\000c\000o\000u\000s\000\040\000a\000n\000d\000\040\000r\000e\000s\000i\000s\000t\000i\000v\000e\000\040\000m\000a\000g\000n\000e\000t\000o\000h\000y\000d\000r\000o\000d\000y\000n\000a\000m\000i\000c\000s\000\040\000u\000s\000i\000n\000g\000\040\000s\000t\000r\000u\000c\000t\000u\000r\000e\000-\000p\000r\000e\000s\000e\000r\000v\000i\000n\000g\000\040\000f\000i\000n\000i\000t\000e\000\040\000e\000l\000e\000m\000e\000n\000t\000s}{section.24.1}% 163
\BOOKMARK [3][-]{subsubsection.24.1.7.1}{\376\377\000A\000b\000s\000t\000r\000a\000c\000t}{subsection.24.1.7}% 164
\BOOKMARK [1][-]{section.24.2}{\376\377\000p\000a\000r\000t\000\040\0002}{chapter.24}% 165
\BOOKMARK [2][-]{subsection.24.2.1}{\376\377\000C\000o\000d\000i\000n\000g\000\050\0001\000D\000\040\000f\000l\000u\000i\000d\000\051}{section.24.2}% 166
\BOOKMARK [3][-]{paragraph.24.2.1.0.1}{\376\377\000I\000n\000t\000r\000o\000d\000u\000c\000t\000i\000o\000n}{subsection.24.2.1}% 167
\BOOKMARK [4][-]{paragraph.24.2.1.0.2}{\376\377\000m\000e\000s\000h\000\137\0001\000d}{paragraph.24.2.1.0.1}% 168
\BOOKMARK [4][-]{paragraph.24.2.1.0.3}{\376\377\000s\000t\000a\000t\000e\000s\000\137\0001\000d}{paragraph.24.2.1.0.1}% 169
\BOOKMARK [4][-]{paragraph.24.2.1.0.4}{\376\377\000p\000r\000o\000j\000e\000c\000t\000i\000o\000n\000\137\000m\000a\000t\000r\000i\000x\000\137\0001\000d}{paragraph.24.2.1.0.1}% 170
\BOOKMARK [4][-]{paragraph.24.2.1.0.5}{\376\377\000m\000a\000s\000s\000\137\0001\000d}{paragraph.24.2.1.0.1}% 171
\BOOKMARK [4][-]{paragraph.24.2.1.0.6}{\376\377\000m\000o\000m\000e\000n\000t\000u\000m\000\137\0001\000d}{paragraph.24.2.1.0.1}% 172
\BOOKMARK [4][-]{paragraph.24.2.1.0.7}{\376\377\000e\000n\000t\000r\000o\000p\000y\000\137\0001\000d}{paragraph.24.2.1.0.1}% 173
\BOOKMARK [4][-]{paragraph.24.2.1.0.8}{\376\377\000v\000e\000l\000o\000c\000i\000t\000y\000\137\0001\000d}{paragraph.24.2.1.0.1}% 174
\BOOKMARK [4][-]{paragraph.24.2.1.0.9}{\376\377\000E\000O\000S\000\137\0001\000d\000\137\000t\000h\000e\000r\000m\000a\000l}{paragraph.24.2.1.0.1}% 175
\BOOKMARK [4][-]{paragraph.24.2.1.0.10}{\376\377\000t\000i\000m\000e\000\137\000i\000n\000t\000e\000g\000r\000a\000t\000o\000r\000\137\0001\000d}{paragraph.24.2.1.0.1}% 176
\BOOKMARK [4][-]{paragraph.24.2.1.0.11}{\376\377\000i\000o\000\137\0001\000d}{paragraph.24.2.1.0.1}% 177
\BOOKMARK [4][-]{paragraph.24.2.1.0.12}{\376\377\0001\000D\000\137\000T\000h\000e\000r\000m\000a\000l\000\137\000d\000r\000i\000v\000e\000r}{paragraph.24.2.1.0.1}% 178
\BOOKMARK [3][-]{subsubsection.24.2.1.1}{\376\377\000P\000l\000a\000n\000s}{subsection.24.2.1}% 179
\BOOKMARK [1][-]{section.24.3}{\376\377\000p\000a\000r\000t\000\040\0003}{chapter.24}% 180
\BOOKMARK [2][-]{subsection.24.3.1}{\376\377\000N\000o\000t\000e\000s}{section.24.3}% 181
\BOOKMARK [3][-]{subsubsection.24.3.1.1}{\376\377\000N\000o\000t\000e\000s\000\040\000o\000n\000\040\000m\000o\000d\000u\000l\000e\000\040\000F\000O\000R\000T\000R\000A\000N}{subsection.24.3.1}% 182
\BOOKMARK [3][-]{subsubsection.24.3.1.2}{\376\377\000D\000i\000m\000i\000n\000s\000i\000o\000n\000a\000l\000e\000s\000s\000\040\000p\000r\000o\000g\000r\000a\000m\000i\000n\000g}{subsection.24.3.1}% 183
\BOOKMARK [3][-]{subsubsection.24.3.1.3}{\376\377\000G\000e\000n\000e\000r\000a\000l\000i\000z\000e}{subsection.24.3.1}% 184
\BOOKMARK [2][-]{subsection.24.3.2}{\376\377\000P\000l\000a\000n}{section.24.3}% 185
\BOOKMARK [2][-]{subsection.24.3.3}{\376\377\000N\000e\000w\000\040\000S\000t\000r\000u\000c\000t\000u\000r\000e}{section.24.3}% 186
\BOOKMARK [0][-]{chapter.25}{\376\377\000A\000x\000i\000o\000m}{part.3}% 187
\BOOKMARK [1][-]{section.25.1}{\376\377\000*\000S\000t\000r\000u\000c\000t\000u\000r\000e}{chapter.25}% 188
\BOOKMARK [1][-]{section.25.2}{\376\377\000L\000a\000T\000e\000X}{chapter.25}% 189
\BOOKMARK [2][-]{subsection.25.2.1}{\376\377\000D\000i\000v\000i\000s\000i\000o\000n\000\040\000o\000f\000\040\000S\000t\000r\000u\000c\000t\000u\000r\000e}{section.25.2}% 190
\BOOKMARK [2][-]{subsection.25.2.2}{\376\377\000C\000o\000m\000m\000a\000n\000d\000s}{section.25.2}% 191
\BOOKMARK [-1][-]{part.4}{\376\377\000I\000V\000\040\000E\000s\000s\000a\000y\000s}{}% 192
\BOOKMARK [0][-]{chapter.26}{\376\377\000I\000n\000t\000r\000o\000d\000u\000c\000t\000i\000o\000n}{part.4}% 193
\BOOKMARK [-1][-]{part.5}{\376\377\000V\000\040\000J\000o\000u\000r\000n\000a\000l\000i\000n\000g}{}% 194
\BOOKMARK [0][-]{chapter.27}{\376\377\000*\000I\000n\000t\000r\000o\000d\000u\000c\000t\000i\000o\000n}{part.5}% 195
\BOOKMARK [0][-]{chapter.28}{\376\377\000P\000l\000a\000n\000s}{part.5}% 196
\BOOKMARK [1][-]{section.28.1}{\376\377\000N\000o\000w}{chapter.28}% 197
\BOOKMARK [2][-]{subsection.28.1.1}{\376\377\000S\000e\000l\000f\000-\000E\000d\000u\000c\000a\000t\000i\000o\000n}{section.28.1}% 198
\BOOKMARK [2][-]{subsection.28.1.2}{\376\377\000R\000e\000s\000e\000a\000r\000c\000h}{section.28.1}% 199
\BOOKMARK [2][-]{subsection.28.1.3}{\376\377\000O\000t\000h\000e\000r\000\040\000a\000c\000t\000i\000v\000i\000t\000i\000e\000s}{section.28.1}% 200
\BOOKMARK [1][-]{section.28.2}{\376\377\000P\000r\000e\000-\000U\000n\000i\000v\000e\000r\000s\000i\000t\000y}{chapter.28}% 201
\BOOKMARK [2][-]{subsection.28.2.1}{\376\377\000I\000n\000d\000e\000p\000e\000n\000d\000e\000n\000t\000\040\000L\000e\000a\000r\000n\000i\000n\000g}{section.28.2}% 202
\BOOKMARK [1][-]{section.28.3}{\376\377\000U\000n\000d\000e\000r\000g\000r\000a\000d}{chapter.28}% 203
\BOOKMARK [2][-]{subsection.28.3.1}{\376\377\000C\000l\000a\000s\000s\000e\000s}{section.28.3}% 204
\BOOKMARK [3][-]{subsubsection.28.3.1.1}{\376\377\000R\000e\000q\000u\000i\000r\000m\000e\000n\000t\000s}{subsection.28.3.1}% 205
\BOOKMARK [4][-]{subsubsubsection.28.3.1.1.1}{\376\377\000G\000e\000n\000e\000r\000a\000l}{subsubsection.28.3.1.1}% 206
\BOOKMARK [4][-]{subsubsubsection.28.3.1.1.2}{\376\377\000A\000c\000a\000d\000e\000m\000i\000c\000\040\000P\000h\000y\000s\000i\000c\000s\000\040\000M\000a\000j\000o\000r}{subsubsection.28.3.1.1}% 207
\BOOKMARK [4][-]{subsubsubsection.28.3.1.1.3}{\376\377\000A\000p\000p\000l\000i\000e\000d\000\040\000M\000a\000t\000h\000s\000\040\000M\000a\000j\000o\000r}{subsubsection.28.3.1.1}% 208
\BOOKMARK [4][-]{subsubsubsection.28.3.1.1.4}{\376\377\000C\000o\000m\000p\000u\000t\000e\000r\000\040\000S\000c\000i\000e\000n\000c\000e\000\040\000M\000i\000n\000o\000r}{subsubsection.28.3.1.1}% 209
\BOOKMARK [4][-]{subsubsubsection.28.3.1.1.5}{\376\377\000E\000l\000e\000c\000t\000i\000v\000e\000s}{subsubsection.28.3.1.1}% 210
\BOOKMARK [4][-]{subsubsubsection.28.3.1.1.6}{\376\377\000T\000o\000t\000a\000l}{subsubsection.28.3.1.1}% 211
\BOOKMARK [3][-]{subsubsection.28.3.1.2}{\376\377\000S\000c\000h\000e\000d\000u\000l\000e}{subsection.28.3.1}% 212
\BOOKMARK [3][-]{subsubsection.28.3.1.3}{\376\377\000F\000i\000r\000s\000t\000\040\000Y\000e\000a\000r}{subsection.28.3.1}% 213
\BOOKMARK [3][-]{subsubsection.28.3.1.4}{\376\377\000S\000e\000c\000o\000n\000d\000\040\000Y\000e\000a\000r}{subsection.28.3.1}% 214
\BOOKMARK [3][-]{subsubsection.28.3.1.5}{\376\377\000T\000h\000i\000r\000d\000\040\000y\000e\000a\000r}{subsection.28.3.1}% 215
\BOOKMARK [3][-]{subsubsection.28.3.1.6}{\376\377\000F\000o\000u\000r\000t\000h\000\040\000y\000e\000a\000r}{subsection.28.3.1}% 216
\BOOKMARK [3][-]{subsubsection.28.3.1.7}{\376\377\000O\000t\000h\000e\000r\000s}{subsection.28.3.1}% 217
\BOOKMARK [3][-]{subsubsection.28.3.1.8}{\376\377\000P\000o\000s\000s\000i\000b\000l\000e\000\040\000s\000u\000m\000m\000e\000r}{subsection.28.3.1}% 218
\BOOKMARK [1][-]{section.28.4}{\376\377\000*\000G\000r\000a\000d}{chapter.28}% 219
\BOOKMARK [1][-]{section.28.5}{\376\377\000*\000E\000a\000r\000l\000y\000\040\000c\000a\000r\000e\000e\000r}{chapter.28}% 220
\BOOKMARK [1][-]{section.28.6}{\376\377\000*\000L\000a\000t\000e\000\040\000C\000a\000r\000e\000e\000r}{chapter.28}% 221
\BOOKMARK [0][-]{chapter.29}{\376\377\000P\000e\000r\000s\000o\000n\000a\000l\000-\000A\000n\000a\000l\000y\000s\000i\000s}{part.5}% 222
\BOOKMARK [1][-]{section.29.1}{\376\377\000I\000n\000t\000r\000o\000d\000u\000c\000t\000i\000o\000n}{chapter.29}% 223
\BOOKMARK [1][-]{section.29.2}{\376\377\000D\000i\000s\000g\000r\000a\000c\000e\000\040\000a\000n\000d\000\040\000P\000r\000i\000d\000e}{chapter.29}% 224
\BOOKMARK [1][-]{section.29.3}{\376\377\000O\000n\000\040\000A\000y\000n\000\040\000R\000a\000n\000d}{chapter.29}% 225
\BOOKMARK [1][-]{section.29.4}{\376\377\000O\000n\000\040\000t\000h\000e\000\040\000P\000u\000r\000s\000u\000i\000t\000\040\000o\000f\000\040\000T\000h\000o\000u\000g\000h\000t}{chapter.29}% 226
\BOOKMARK [1][-]{section.29.5}{\376\377\000N\000i\000e\000t\000z\000s\000c\000h\000e\000'\000s\000\040\000S\000o\000v\000e\000r\000e\000i\000g\000n\000\040\000M\000a\000n\000\040\000a\000n\000d\000\040\000M\000o\000r\000a\000l\000i\000t\000y}{chapter.29}% 227
\BOOKMARK [1][-]{section.29.6}{\376\377\000H\000a\000l\000f\000-\000G\000r\000o\000w\000t\000h\000\040\000a\000n\000d\000\040\000H\000a\000l\000f\000-\000D\000e\000a\000t\000h}{chapter.29}% 228
\BOOKMARK [1][-]{section.29.7}{\376\377\000L\000a\000c\000k\000\040\000o\000f\000\040\000A\000e\000s\000t\000h\000e\000t\000i\000c}{chapter.29}% 229
\BOOKMARK [1][-]{section.29.8}{\376\377\000B\000o\000r\000e\000d\000o\000m}{chapter.29}% 230
\BOOKMARK [1][-]{section.29.9}{\376\377\000W\000h\000y\000\040\000P\000h\000y\000s\000i\000c\000s}{chapter.29}% 231
\BOOKMARK [1][-]{section.29.10}{\376\377\000L\000a\000c\000k\000\040\000o\000f\000\040\000R\000e\000s\000i\000s\000t\000a\000n\000c\000e}{chapter.29}% 232
\BOOKMARK [1][-]{section.29.11}{\376\377\000A\000m\000\040\000I\000\040\000M\000i\000s\000a\000n\000t\000h\000r\000o\000p\000i\000c\000?\000*}{chapter.29}% 233
\BOOKMARK [1][-]{section.29.12}{\376\377\000D\000e\000p\000t\000h\000\040\000o\000f\000\040\000F\000e\000e\000l\000i\000n\000g}{chapter.29}% 234
\BOOKMARK [1][-]{section.29.13}{\376\377\000L\000a\000n\000g\000u\000a\000g\000e\000\040\000U\000s\000a\000g\000e\000*}{chapter.29}% 235
\BOOKMARK [1][-]{section.29.14}{\376\377\000E\000u\000p\000h\000e\000s\000u\000s\000*}{chapter.29}% 236
\BOOKMARK [1][-]{section.29.15}{\376\377\000L\000i\000n\000k\000s\000\040\000t\000o\000\040\000B\000o\000o\000k\000\040\000C\000h\000a\000p\000t\000e\000r\000s}{chapter.29}% 237
